# JRE version: Java(TM) SE Runtime Environment (8.0_231-b11) (build 1.8.0_231-b11)
# Java VM: Java HotSpot(TM) 64-Bit Server VM (25.231-b11 mixed mode windows-amd64 compressed oops)
Heap:
 PSYoungGen      total 95744K, used 70724K [0x000000076ab00000, 0x0000000773080000, 0x00000007c0000000)
  eden space 82432K, 74% used [0x000000076ab00000,0x000000076e7011b0,0x000000076fb80000)
  from space 13312K, 69% used [0x0000000770880000,0x00000007711900f8,0x0000000771580000)
  to   space 13312K, 0% used [0x000000076fb80000,0x000000076fb80000,0x0000000770880000)
 ParOldGen       total 145920K, used 10735K [0x00000006c0000000, 0x00000006c8e80000, 0x000000076ab00000)
  object space 145920K, 7% used [0x00000006c0000000,0x00000006c0a7bfe0,0x00000006c8e80000)
 Metaspace       used 32885K, capacity 33642K, committed 33792K, reserved 1079296K
  class space    used 4577K, capacity 4826K, committed 4864K, reserved 1048576K
GC Heap History (10 events):
Event: 1.304 GC heap before
{Heap before GC invocations=1 (full 0):
 PSYoungGen      total 95744K, used 82432K [0x000000076ab00000, 0x0000000771580000, 0x00000007c0000000)
  eden space 82432K, 100% used [0x000000076ab00000,0x000000076fb80000,0x000000076fb80000)
  from space 13312K, 0% used [0x0000000770880000,0x0000000770880000,0x0000000771580000)
  to   space 13312K, 0% used [0x000000076fb80000,0x000000076fb80000,0x0000000770880000)
 ParOldGen       total 218624K, used 0K [0x00000006c0000000, 0x00000006cd580000, 0x000000076ab00000)
  object space 218624K, 0% used [0x00000006c0000000,0x00000006c0000000,0x00000006cd580000)
 Metaspace       used 8421K, capacity 8682K, committed 8960K, reserved 1056768K
  class space    used 1097K, capacity 1173K, committed 1280K, reserved 1048576K
Event: 1.313 GC heap after
Heap after GC invocations=1 (full 0):
 PSYoungGen      total 95744K, used 6904K [0x000000076ab00000, 0x0000000771580000, 0x00000007c0000000)
  eden space 82432K, 0% used [0x000000076ab00000,0x000000076ab00000,0x000000076fb80000)
  from space 13312K, 51% used [0x000000076fb80000,0x000000077023e180,0x0000000770880000)
  to   space 13312K, 0% used [0x0000000770880000,0x0000000770880000,0x0000000771580000)
 ParOldGen       total 218624K, used 8K [0x00000006c0000000, 0x00000006cd580000, 0x000000076ab00000)
  object space 218624K, 0% used [0x00000006c0000000,0x00000006c0002000,0x00000006cd580000)
 Metaspace       used 8421K, capacity 8682K, committed 8960K, reserved 1056768K
  class space    used 1097K, capacity 1173K, committed 1280K, reserved 1048576K
}
Event: 2.692 GC heap before
{Heap before GC invocations=2 (full 0):
 PSYoungGen      total 95744K, used 89336K [0x000000076ab00000, 0x0000000771580000, 0x00000007c0000000)
  eden space 82432K, 100% used [0x000000076ab00000,0x000000076fb80000,0x000000076fb80000)
  from space 13312K, 51% used [0x000000076fb80000,0x000000077023e180,0x0000000770880000)
  to   space 13312K, 0% used [0x0000000770880000,0x0000000770880000,0x0000000771580000)
 ParOldGen       total 218624K, used 8K [0x00000006c0000000, 0x00000006cd580000, 0x000000076ab00000)
  object space 218624K, 0% used [0x00000006c0000000,0x00000006c0002000,0x00000006cd580000)
 Metaspace       used 16867K, capacity 17306K, committed 17536K, reserved 1064960K
  class space    used 2451K, capacity 2597K, committed 2688K, reserved 1048576K
Event: 2.706 GC heap after
Heap after GC invocations=2 (full 0):
 PSYoungGen      total 95744K, used 11884K [0x000000076ab00000, 0x0000000771580000, 0x00000007c0000000)
  eden space 82432K, 0% used [0x000000076ab00000,0x000000076ab00000,0x000000076fb80000)
  from space 13312K, 89% used [0x0000000770880000,0x000000077141b1a0,0x0000000771580000)
  to   space 13312K, 0% used [0x000000076fb80000,0x000000076fb80000,0x0000000770880000)
 ParOldGen       total 218624K, used 24K [0x00000006c0000000, 0x00000006cd580000, 0x000000076ab00000)
  object space 218624K, 0% used [0x00000006c0000000,0x00000006c0006000,0x00000006cd580000)
 Metaspace       used 16867K, capacity 17306K, committed 17536K, reserved 1064960K
  class space    used 2451K, capacity 2597K, committed 2688K, reserved 1048576K
}
Event: 3.551 GC heap before
{Heap before GC invocations=3 (full 0):
 PSYoungGen      total 95744K, used 57003K [0x000000076ab00000, 0x0000000771580000, 0x00000007c0000000)
  eden space 82432K, 54% used [0x000000076ab00000,0x000000076d70fa68,0x000000076fb80000)
  from space 13312K, 89% used [0x0000000770880000,0x000000077141b1a0,0x0000000771580000)
  to   space 13312K, 0% used [0x000000076fb80000,0x000000076fb80000,0x0000000770880000)
 ParOldGen       total 218624K, used 24K [0x00000006c0000000, 0x00000006cd580000, 0x000000076ab00000)
  object space 218624K, 0% used [0x00000006c0000000,0x00000006c0006000,0x00000006cd580000)
 Metaspace       used 20633K, capacity 21178K, committed 21248K, reserved 1067008K
  class space    used 3065K, capacity 3270K, committed 3328K, reserved 1048576K
Event: 3.563 GC heap after
Heap after GC invocations=3 (full 0):
 PSYoungGen      total 95744K, used 10946K [0x000000076ab00000, 0x0000000771580000, 0x00000007c0000000)
  eden space 82432K, 0% used [0x000000076ab00000,0x000000076ab00000,0x000000076fb80000)
  from space 13312K, 82% used [0x000000076fb80000,0x0000000770630af8,0x0000000770880000)
  to   space 13312K, 0% used [0x0000000770880000,0x0000000770880000,0x0000000771580000)
 ParOldGen       total 218624K, used 32K [0x00000006c0000000, 0x00000006cd580000, 0x000000076ab00000)
  object space 218624K, 0% used [0x00000006c0000000,0x00000006c0008000,0x00000006cd580000)
 Metaspace       used 20633K, capacity 21178K, committed 21248K, reserved 1067008K
  class space    used 3065K, capacity 3270K, committed 3328K, reserved 1048576K
}
Event: 3.563 GC heap before
{Heap before GC invocations=4 (full 1):
 PSYoungGen      total 95744K, used 10946K [0x000000076ab00000, 0x0000000771580000, 0x00000007c0000000)
  eden space 82432K, 0% used [0x000000076ab00000,0x000000076ab00000,0x000000076fb80000)
  from space 13312K, 82% used [0x000000076fb80000,0x0000000770630af8,0x0000000770880000)
  to   space 13312K, 0% used [0x0000000770880000,0x0000000770880000,0x0000000771580000)
 ParOldGen       total 218624K, used 32K [0x00000006c0000000, 0x00000006cd580000, 0x000000076ab00000)
  object space 218624K, 0% used [0x00000006c0000000,0x00000006c0008000,0x00000006cd580000)
 Metaspace       used 20633K, capacity 21178K, committed 21248K, reserved 1067008K
  class space    used 3065K, capacity 3270K, committed 3328K, reserved 1048576K
Event: 3.625 GC heap after
Heap after GC invocations=4 (full 1):
 PSYoungGen      total 95744K, used 0K [0x000000076ab00000, 0x0000000771580000, 0x00000007c0000000)
  eden space 82432K, 0% used [0x000000076ab00000,0x000000076ab00000,0x000000076fb80000)
  from space 13312K, 0% used [0x000000076fb80000,0x000000076fb80000,0x0000000770880000)
  to   space 13312K, 0% used [0x0000000770880000,0x0000000770880000,0x0000000771580000)
 ParOldGen       total 145920K, used 10727K [0x00000006c0000000, 0x00000006c8e80000, 0x000000076ab00000)
  object space 145920K, 7% used [0x00000006c0000000,0x00000006c0a79fe0,0x00000006c8e80000)
 Metaspace       used 20633K, capacity 21178K, committed 21248K, reserved 1067008K
  class space    used 3065K, capacity 3270K, committed 3328K, reserved 1048576K
}
Event: 5.055 GC heap before
{Heap before GC invocations=5 (full 1):
 PSYoungGen      total 95744K, used 82432K [0x000000076ab00000, 0x0000000771580000, 0x00000007c0000000)
  eden space 82432K, 100% used [0x000000076ab00000,0x000000076fb80000,0x000000076fb80000)
  from space 13312K, 0% used [0x000000076fb80000,0x000000076fb80000,0x0000000770880000)
  to   space 13312K, 0% used [0x0000000770880000,0x0000000770880000,0x0000000771580000)
 ParOldGen       total 145920K, used 10727K [0x00000006c0000000, 0x00000006c8e80000, 0x000000076ab00000)
  object space 145920K, 7% used [0x00000006c0000000,0x00000006c0a79fe0,0x00000006c8e80000)
 Metaspace       used 29541K, capacity 30184K, committed 30592K, reserved 1075200K
  class space    used 4164K, capacity 4369K, committed 4480K, reserved 1048576K
Event: 5.062 GC heap after
Heap after GC invocations=5 (full 1):
 PSYoungGen      total 95744K, used 9280K [0x000000076ab00000, 0x0000000773080000, 0x00000007c0000000)
  eden space 82432K, 0% used [0x000000076ab00000,0x000000076ab00000,0x000000076fb80000)
  from space 13312K, 69% used [0x0000000770880000,0x00000007711900f8,0x0000000771580000)
  to   space 13312K, 0% used [0x000000076fb80000,0x000000076fb80000,0x0000000770880000)
 ParOldGen       total 145920K, used 10735K [0x00000006c0000000, 0x00000006c8e80000, 0x000000076ab00000)
  object space 145920K, 7% used [0x00000006c0000000,0x00000006c0a7bfe0,0x00000006c8e80000)
 Metaspace       used 29541K, capacity 30184K, committed 30592K, reserved 1075200K
  class space    used 4164K, capacity 4369K, committed 4480K, reserved 1048576K
}

